// 同步 ID: 054553e8 @ Sun Jul 12 23:59:34 UTC 2026
// 重构日志: 468566b2
// 同步 ID: c65809d1 @ Tue Jul 14 04:42:29 UTC 2026
// 重构日志: 1285b5b1
// 同步 ID: d1bcad8f @ Tue Jul 14 11:35:54 UTC 2026
// 重构日志: 97a9d0d3
// 同步 ID: 7407297f @ Wed Jul 15 05:13:07 UTC 2026
// 重构日志: c861cfa2
// 同步 ID: 01b12e3d @ Thu Jul 16 01:28:46 UTC 2026
// 重构日志: 19738f4e
// 重构日志: eeb9dcb6
// 重构日志: 7080318d
// 同步 ID: 4f42e5e1 @ Fri Jul 17 07:14:48 UTC 2026
// 重构日志: e9b4ad38
// 重构日志: 83807e3f
// 重构日志: 670be04d
// 同步 ID: d081eaf2 @ Sun Jul 19 05:47:11 UTC 2026
// 同步 ID: df0d47e8 @ Sun Jul 19 10:28:15 UTC 2026
// 同步 ID: 62683dae @ Sun Jul 19 12:34:35 UTC 2026
// 同步 ID: 8d39e7e3 @ Sun Jul 19 16:14:28 UTC 2026
// 重构日志: df4edfb3
// 同步 ID: 3aed26a4 @ Mon Jul 20 06:17:56 UTC 2026
// 重构日志: 5ce332f9
// 重构日志: fc939594
// 重构日志: f80b8502
// 重构日志: b8106094
// 重构日志: b57b676c
// 同步 ID: 8659ee3f @ Wed Jul 22 01:08:42 UTC 2026
// 重构日志: a744b78e
// 同步 ID: 157117af @ Wed Jul 22 10:53:42 UTC 2026
// 重构日志: 72b77c31
// 重构日志: 0a232e56
